[0.448s] Invoking command in '/home/abendezu/Documents/Projects/Self-Driving-Car/raspberrypi/ros2_ws/src/my_python_package': PYTHONPATH=/home/abendezu/Documents/Projects/Self-Driving-Car/raspberrypi/ros2_ws/build/my_python_package/prefix_override:/usr/lib/python3/dist-packages/colcon_core/task/python/colcon_distutils_commands:/home/abendezu/Documents/Projects/Self-Driving-Car/raspberrypi/ros2_ws/install/my_python_package/lib/python3.8/site-packages:${PYTHONPATH} /usr/bin/python3 -W ignore:setup.py install is deprecated setup.py egg_info --egg-base ../../build/my_python_package build --build-base /home/abendezu/Documents/Projects/Self-Driving-Car/raspberrypi/ros2_ws/build/my_python_package/build install --record /home/abendezu/Documents/Projects/Self-Driving-Car/raspberrypi/ros2_ws/build/my_python_package/install.log --install-scripts $base/lib/my_python_package --single-version-externally-managed install_data
[0.596s] running egg_info
[0.596s] writing ../../build/my_python_package/my_python_package.egg-info/PKG-INFO
[0.596s] writing dependency_links to ../../build/my_python_package/my_python_package.egg-info/dependency_links.txt
[0.596s] writing entry points to ../../build/my_python_package/my_python_package.egg-info/entry_points.txt
[0.596s] writing requirements to ../../build/my_python_package/my_python_package.egg-info/requires.txt
[0.596s] writing top-level names to ../../build/my_python_package/my_python_package.egg-info/top_level.txt
[0.622s] reading manifest file '../../build/my_python_package/my_python_package.egg-info/SOURCES.txt'
[0.622s] writing manifest file '../../build/my_python_package/my_python_package.egg-info/SOURCES.txt'
[0.622s] running build
[0.622s] running build_py
[0.623s] copying my_python_package/my_node.py -> /home/abendezu/Documents/Projects/Self-Driving-Car/raspberrypi/ros2_ws/build/my_python_package/build/lib/my_python_package
[0.623s] running install
[0.623s] running install_lib
[0.624s] copying /home/abendezu/Documents/Projects/Self-Driving-Car/raspberrypi/ros2_ws/build/my_python_package/build/lib/my_python_package/my_node.py -> /home/abendezu/Documents/Projects/Self-Driving-Car/raspberrypi/ros2_ws/install/my_python_package/lib/python3.8/site-packages/my_python_package
[0.624s] byte-compiling /home/abendezu/Documents/Projects/Self-Driving-Car/raspberrypi/ros2_ws/install/my_python_package/lib/python3.8/site-packages/my_python_package/my_node.py to my_node.cpython-38.pyc
[0.625s] running install_data
[0.625s] running install_egg_info
[0.626s] removing '/home/abendezu/Documents/Projects/Self-Driving-Car/raspberrypi/ros2_ws/install/my_python_package/lib/python3.8/site-packages/my_python_package-0.0.0-py3.8.egg-info' (and everything under it)
[0.627s] Copying ../../build/my_python_package/my_python_package.egg-info to /home/abendezu/Documents/Projects/Self-Driving-Car/raspberrypi/ros2_ws/install/my_python_package/lib/python3.8/site-packages/my_python_package-0.0.0-py3.8.egg-info
[0.627s] running install_scripts
[0.639s] Installing my_node script to /home/abendezu/Documents/Projects/Self-Driving-Car/raspberrypi/ros2_ws/install/my_python_package/lib/my_python_package
[0.639s] writing list of installed files to '/home/abendezu/Documents/Projects/Self-Driving-Car/raspberrypi/ros2_ws/build/my_python_package/install.log'
[0.655s] Invoked command in '/home/abendezu/Documents/Projects/Self-Driving-Car/raspberrypi/ros2_ws/src/my_python_package' returned '0': PYTHONPATH=/home/abendezu/Documents/Projects/Self-Driving-Car/raspberrypi/ros2_ws/build/my_python_package/prefix_override:/usr/lib/python3/dist-packages/colcon_core/task/python/colcon_distutils_commands:/home/abendezu/Documents/Projects/Self-Driving-Car/raspberrypi/ros2_ws/install/my_python_package/lib/python3.8/site-packages:${PYTHONPATH} /usr/bin/python3 -W ignore:setup.py install is deprecated setup.py egg_info --egg-base ../../build/my_python_package build --build-base /home/abendezu/Documents/Projects/Self-Driving-Car/raspberrypi/ros2_ws/build/my_python_package/build install --record /home/abendezu/Documents/Projects/Self-Driving-Car/raspberrypi/ros2_ws/build/my_python_package/install.log --install-scripts $base/lib/my_python_package --single-version-externally-managed install_data
