[0.459s] Invoking command in '/home/abendezu/Documents/Projects/Self-Driving-Car/raspberrypi/ros2_ws/src/my_package': PYTHONPATH=/home/abendezu/Documents/Projects/Self-Driving-Car/raspberrypi/ros2_ws/build/my_package/prefix_override:/usr/lib/python3/dist-packages/colcon_core/task/python/colcon_distutils_commands:/home/abendezu/Documents/Projects/Self-Driving-Car/raspberrypi/ros2_ws/install/my_package/lib/python3.8/site-packages:${PYTHONPATH} /usr/bin/python3 -W ignore:setup.py install is deprecated setup.py egg_info --egg-base ../../build/my_package build --build-base /home/abendezu/Documents/Projects/Self-Driving-Car/raspberrypi/ros2_ws/build/my_package/build install --record /home/abendezu/Documents/Projects/Self-Driving-Car/raspberrypi/ros2_ws/build/my_package/install.log --install-scripts $base/lib/my_package --single-version-externally-managed install_data
[0.615s] running egg_info
[0.615s] creating ../../build/my_package/my_package.egg-info
[0.615s] writing ../../build/my_package/my_package.egg-info/PKG-INFO
[0.615s] writing dependency_links to ../../build/my_package/my_package.egg-info/dependency_links.txt
[0.615s] writing entry points to ../../build/my_package/my_package.egg-info/entry_points.txt
[0.615s] writing requirements to ../../build/my_package/my_package.egg-info/requires.txt
[0.615s] writing top-level names to ../../build/my_package/my_package.egg-info/top_level.txt
[0.616s] writing manifest file '../../build/my_package/my_package.egg-info/SOURCES.txt'
[0.638s] reading manifest file '../../build/my_package/my_package.egg-info/SOURCES.txt'
[0.638s] writing manifest file '../../build/my_package/my_package.egg-info/SOURCES.txt'
[0.638s] running build
[0.638s] running build_py
[0.638s] creating /home/abendezu/Documents/Projects/Self-Driving-Car/raspberrypi/ros2_ws/build/my_package/build
[0.638s] creating /home/abendezu/Documents/Projects/Self-Driving-Car/raspberrypi/ros2_ws/build/my_package/build/lib
[0.639s] creating /home/abendezu/Documents/Projects/Self-Driving-Car/raspberrypi/ros2_ws/build/my_package/build/lib/my_package
[0.639s] copying my_package/__init__.py -> /home/abendezu/Documents/Projects/Self-Driving-Car/raspberrypi/ros2_ws/build/my_package/build/lib/my_package
[0.639s] running install
[0.639s] running install_lib
[0.640s] creating /home/abendezu/Documents/Projects/Self-Driving-Car/raspberrypi/ros2_ws/install/my_package/lib/python3.8/site-packages/my_package
[0.640s] copying /home/abendezu/Documents/Projects/Self-Driving-Car/raspberrypi/ros2_ws/build/my_package/build/lib/my_package/__init__.py -> /home/abendezu/Documents/Projects/Self-Driving-Car/raspberrypi/ros2_ws/install/my_package/lib/python3.8/site-packages/my_package
[0.640s] byte-compiling /home/abendezu/Documents/Projects/Self-Driving-Car/raspberrypi/ros2_ws/install/my_package/lib/python3.8/site-packages/my_package/__init__.py to __init__.cpython-38.pyc
[0.641s] running install_data
[0.641s] creating /home/abendezu/Documents/Projects/Self-Driving-Car/raspberrypi/ros2_ws/install/my_package/share/ament_index
[0.641s] creating /home/abendezu/Documents/Projects/Self-Driving-Car/raspberrypi/ros2_ws/install/my_package/share/ament_index/resource_index
[0.641s] creating /home/abendezu/Documents/Projects/Self-Driving-Car/raspberrypi/ros2_ws/install/my_package/share/ament_index/resource_index/packages
[0.641s] copying resource/my_package -> /home/abendezu/Documents/Projects/Self-Driving-Car/raspberrypi/ros2_ws/install/my_package/share/ament_index/resource_index/packages
[0.641s] copying package.xml -> /home/abendezu/Documents/Projects/Self-Driving-Car/raspberrypi/ros2_ws/install/my_package/share/my_package
[0.641s] running install_egg_info
[0.642s] Copying ../../build/my_package/my_package.egg-info to /home/abendezu/Documents/Projects/Self-Driving-Car/raspberrypi/ros2_ws/install/my_package/lib/python3.8/site-packages/my_package-0.0.0-py3.8.egg-info
[0.643s] running install_scripts
[0.657s] writing list of installed files to '/home/abendezu/Documents/Projects/Self-Driving-Car/raspberrypi/ros2_ws/build/my_package/install.log'
[0.672s] Invoked command in '/home/abendezu/Documents/Projects/Self-Driving-Car/raspberrypi/ros2_ws/src/my_package' returned '0': PYTHONPATH=/home/abendezu/Documents/Projects/Self-Driving-Car/raspberrypi/ros2_ws/build/my_package/prefix_override:/usr/lib/python3/dist-packages/colcon_core/task/python/colcon_distutils_commands:/home/abendezu/Documents/Projects/Self-Driving-Car/raspberrypi/ros2_ws/install/my_package/lib/python3.8/site-packages:${PYTHONPATH} /usr/bin/python3 -W ignore:setup.py install is deprecated setup.py egg_info --egg-base ../../build/my_package build --build-base /home/abendezu/Documents/Projects/Self-Driving-Car/raspberrypi/ros2_ws/build/my_package/build install --record /home/abendezu/Documents/Projects/Self-Driving-Car/raspberrypi/ros2_ws/build/my_package/install.log --install-scripts $base/lib/my_package --single-version-externally-managed install_data
