[0.444s] Invoking command in '/home/abendezu/Documents/Projects/Self-Driving-Car/raspberrypi/ros2_ws/src/my_python_package': PYTHONPATH=/home/abendezu/Documents/Projects/Self-Driving-Car/raspberrypi/ros2_ws/build/my_python_package/prefix_override:/usr/lib/python3/dist-packages/colcon_core/task/python/colcon_distutils_commands:/home/abendezu/Documents/Projects/Self-Driving-Car/raspberrypi/ros2_ws/install/my_python_package/lib/python3.8/site-packages:${PYTHONPATH} /usr/bin/python3 -W ignore:setup.py install is deprecated setup.py egg_info --egg-base ../../build/my_python_package build --build-base /home/abendezu/Documents/Projects/Self-Driving-Car/raspberrypi/ros2_ws/build/my_python_package/build install --record /home/abendezu/Documents/Projects/Self-Driving-Car/raspberrypi/ros2_ws/build/my_python_package/install.log --install-scripts $base/lib/my_python_package --single-version-externally-managed install_data
[0.584s] running egg_info
[0.585s] creating ../../build/my_python_package/my_python_package.egg-info
[0.585s] writing ../../build/my_python_package/my_python_package.egg-info/PKG-INFO
[0.585s] writing dependency_links to ../../build/my_python_package/my_python_package.egg-info/dependency_links.txt
[0.585s] writing entry points to ../../build/my_python_package/my_python_package.egg-info/entry_points.txt
[0.585s] writing requirements to ../../build/my_python_package/my_python_package.egg-info/requires.txt
[0.585s] writing top-level names to ../../build/my_python_package/my_python_package.egg-info/top_level.txt
[0.586s] writing manifest file '../../build/my_python_package/my_python_package.egg-info/SOURCES.txt'
[0.610s] reading manifest file '../../build/my_python_package/my_python_package.egg-info/SOURCES.txt'
[0.610s] writing manifest file '../../build/my_python_package/my_python_package.egg-info/SOURCES.txt'
[0.610s] running build
[0.611s] running build_py
[0.611s] creating /home/abendezu/Documents/Projects/Self-Driving-Car/raspberrypi/ros2_ws/build/my_python_package/build
[0.611s] creating /home/abendezu/Documents/Projects/Self-Driving-Car/raspberrypi/ros2_ws/build/my_python_package/build/lib
[0.611s] creating /home/abendezu/Documents/Projects/Self-Driving-Car/raspberrypi/ros2_ws/build/my_python_package/build/lib/my_python_package
[0.611s] copying my_python_package/__init__.py -> /home/abendezu/Documents/Projects/Self-Driving-Car/raspberrypi/ros2_ws/build/my_python_package/build/lib/my_python_package
[0.611s] running install
[0.611s] running install_lib
[0.612s] creating /home/abendezu/Documents/Projects/Self-Driving-Car/raspberrypi/ros2_ws/install/my_python_package/lib/python3.8/site-packages/my_python_package
[0.612s] copying /home/abendezu/Documents/Projects/Self-Driving-Car/raspberrypi/ros2_ws/build/my_python_package/build/lib/my_python_package/__init__.py -> /home/abendezu/Documents/Projects/Self-Driving-Car/raspberrypi/ros2_ws/install/my_python_package/lib/python3.8/site-packages/my_python_package
[0.612s] byte-compiling /home/abendezu/Documents/Projects/Self-Driving-Car/raspberrypi/ros2_ws/install/my_python_package/lib/python3.8/site-packages/my_python_package/__init__.py to __init__.cpython-38.pyc
[0.613s] running install_data
[0.613s] creating /home/abendezu/Documents/Projects/Self-Driving-Car/raspberrypi/ros2_ws/install/my_python_package/share/ament_index
[0.613s] creating /home/abendezu/Documents/Projects/Self-Driving-Car/raspberrypi/ros2_ws/install/my_python_package/share/ament_index/resource_index
[0.613s] creating /home/abendezu/Documents/Projects/Self-Driving-Car/raspberrypi/ros2_ws/install/my_python_package/share/ament_index/resource_index/packages
[0.613s] copying resource/my_python_package -> /home/abendezu/Documents/Projects/Self-Driving-Car/raspberrypi/ros2_ws/install/my_python_package/share/ament_index/resource_index/packages
[0.613s] copying package.xml -> /home/abendezu/Documents/Projects/Self-Driving-Car/raspberrypi/ros2_ws/install/my_python_package/share/my_python_package
[0.613s] running install_egg_info
[0.614s] Copying ../../build/my_python_package/my_python_package.egg-info to /home/abendezu/Documents/Projects/Self-Driving-Car/raspberrypi/ros2_ws/install/my_python_package/lib/python3.8/site-packages/my_python_package-0.0.0-py3.8.egg-info
[0.615s] running install_scripts
[0.626s] Installing my_node script to /home/abendezu/Documents/Projects/Self-Driving-Car/raspberrypi/ros2_ws/install/my_python_package/lib/my_python_package
[0.626s] writing list of installed files to '/home/abendezu/Documents/Projects/Self-Driving-Car/raspberrypi/ros2_ws/build/my_python_package/install.log'
[0.644s] Invoked command in '/home/abendezu/Documents/Projects/Self-Driving-Car/raspberrypi/ros2_ws/src/my_python_package' returned '0': PYTHONPATH=/home/abendezu/Documents/Projects/Self-Driving-Car/raspberrypi/ros2_ws/build/my_python_package/prefix_override:/usr/lib/python3/dist-packages/colcon_core/task/python/colcon_distutils_commands:/home/abendezu/Documents/Projects/Self-Driving-Car/raspberrypi/ros2_ws/install/my_python_package/lib/python3.8/site-packages:${PYTHONPATH} /usr/bin/python3 -W ignore:setup.py install is deprecated setup.py egg_info --egg-base ../../build/my_python_package build --build-base /home/abendezu/Documents/Projects/Self-Driving-Car/raspberrypi/ros2_ws/build/my_python_package/build install --record /home/abendezu/Documents/Projects/Self-Driving-Car/raspberrypi/ros2_ws/build/my_python_package/install.log --install-scripts $base/lib/my_python_package --single-version-externally-managed install_data
